<?xml version="1.0" encoding="UTF-8"?>
<!-- Generated by org.testng.reporters.JUnitReportReporter -->
<testsuite skipped="0" hostname="CAPHYD-LAP-081" name="TestNG.FinalCode_TestNG.TestGroup" tests="2" failures="0" timestamp="16 Sep 2019 18:04:46 GMT" time="0.003" errors="0">
  <testcase name="PaceOrder" time="0.002" classname="TestNG.FinalCode_TestNG.TestGroup"/>
  <testcase name="Logout" time="0.001" classname="TestNG.FinalCode_TestNG.TestGroup"/>
</testsuite> <!-- TestNG.FinalCode_TestNG.TestGroup -->
