<?xml version="1.0" encoding="UTF-8"?>
<!-- Generated by org.testng.reporters.JUnitReportReporter -->
<testsuite skipped="0" hostname="CAPHYD-LAP-081" name="TestNG.FinalCode_TestNG.creatingTestSuit" tests="2" failures="0" timestamp="16 Sep 2019 18:04:46 GMT" time="0.005" errors="0">
  <testcase name="AddProdcutToCart" time="0.002" classname="TestNG.FinalCode_TestNG.creatingTestSuit"/>
  <testcase name="CheckoutJourney" time="0.003" classname="TestNG.FinalCode_TestNG.creatingTestSuit"/>
</testsuite> <!-- TestNG.FinalCode_TestNG.creatingTestSuit -->
